[2022-08-12 01:38:27][1] Processing: App\Mail\activeUser
[2022-08-12 01:38:28][2] Processing: App\Mail\activeUser
[2022-08-12 01:38:28][3] Processing: App\Mail\replyTicket
[2022-08-12 01:38:29][4] Processing: App\Mail\replyTicket
[2022-08-12 01:38:30][5] Processing: App\Mail\activeUser
[2022-08-12 01:38:31][6] Processing: App\Mail\replyTicket
[2022-08-12 01:38:31][7] Processing: App\Mail\replyTicket
[2022-08-12 01:38:31][8] Processing: App\Mail\replyTicket
[2022-08-12 01:38:31][9] Processing: App\Mail\replyTicket
[2022-08-12 01:38:31][10] Processing: App\Mail\replyTicket
[2022-08-12 01:38:31][11] Processing: App\Mail\replyTicket
[2022-08-12 01:38:31][12] Processing: App\Mail\replyTicket
[2022-08-12 01:38:31][13] Processing: App\Mail\replyTicket
[2022-08-12 01:38:31][14] Processing: App\Mail\closeTicket
[2022-08-12 01:38:31][15] Processing: App\Mail\sendVerifyCode
[2022-08-12 01:38:32][16] Processing: App\Mail\sendVerifyCode
[2022-08-12 01:38:32][17] Processing: App\Mail\sendVerifyCode
[2022-08-12 01:38:33][18] Processing: App\Mail\activeUser
[2022-08-12 01:38:34][19] Processing: App\Mail\sendVerifyCode
[2022-08-12 01:38:35][20] Processing: App\Mail\activeUser
[2022-08-12 01:38:35][21] Processing: App\Mail\activeUser
[2022-08-12 01:38:36][22] Processing: App\Mail\replyTicket
[2022-08-12 01:38:37][23] Processing: App\Mail\replyTicket
[2022-08-12 01:38:38][24] Processing: App\Mail\activeUser
[2022-08-12 01:38:39][25] Processing: App\Mail\replyTicket
[2022-08-12 01:38:39][26] Processing: App\Mail\replyTicket
[2022-08-12 01:38:39][27] Processing: App\Mail\replyTicket
[2022-08-12 01:38:39][28] Processing: App\Mail\replyTicket
[2022-08-12 01:38:39][29] Processing: App\Mail\replyTicket
[2022-08-12 01:38:39][30] Processing: App\Mail\replyTicket
[2022-08-12 01:38:39][31] Processing: App\Mail\replyTicket
[2022-08-12 01:38:39][32] Processing: App\Mail\replyTicket
[2022-08-12 01:38:39][33] Processing: App\Mail\closeTicket
[2022-08-12 01:38:39][34] Processing: App\Mail\sendVerifyCode
[2022-08-12 01:38:39][35] Processing: App\Mail\sendVerifyCode
[2022-08-12 01:38:40][36] Processing: App\Mail\sendVerifyCode
[2022-08-12 01:38:41][37] Processing: App\Mail\sendVerifyCode
[2022-08-12 01:38:42][38] Processing: App\Mail\activeUser
[2022-08-12 01:38:42][39] Processing: App\Mail\sendVerifyCode
[2022-08-12 01:38:43][40] Processing: App\Mail\activeUser
[2022-08-12 01:38:44][40] Failed:     App\Mail\activeUser
[2022-08-12 01:38:44][41] Processing: App\Mail\activeUser
[2022-08-12 01:38:45][41] Failed:     App\Mail\activeUser
[2022-08-12 01:38:45][42] Processing: App\Mail\replyTicket
[2022-08-12 01:38:46][42] Failed:     App\Mail\replyTicket
[2022-08-12 01:38:46][43] Processing: App\Mail\replyTicket
[2022-08-12 01:38:46][43] Failed:     App\Mail\replyTicket
[2022-08-12 01:38:46][44] Processing: App\Mail\activeUser
[2022-08-12 01:38:47][44] Failed:     App\Mail\activeUser
[2022-08-12 01:38:47][45] Processing: App\Mail\replyTicket
[2022-08-12 01:38:47][45] Failed:     App\Mail\replyTicket
[2022-08-12 01:38:47][46] Processing: App\Mail\replyTicket
[2022-08-12 01:38:47][46] Failed:     App\Mail\replyTicket
[2022-08-12 01:38:47][47] Processing: App\Mail\replyTicket
[2022-08-12 01:38:47][47] Failed:     App\Mail\replyTicket
[2022-08-12 01:38:47][48] Processing: App\Mail\replyTicket
[2022-08-12 01:38:47][48] Failed:     App\Mail\replyTicket
[2022-08-12 01:38:47][49] Processing: App\Mail\replyTicket
[2022-08-12 01:38:47][49] Failed:     App\Mail\replyTicket
[2022-08-12 01:38:47][50] Processing: App\Mail\replyTicket
[2022-08-12 01:38:47][50] Failed:     App\Mail\replyTicket
[2022-08-12 01:38:47][51] Processing: App\Mail\replyTicket
[2022-08-12 01:38:47][51] Failed:     App\Mail\replyTicket
[2022-08-12 01:38:47][52] Processing: App\Mail\replyTicket
[2022-08-12 01:38:47][52] Failed:     App\Mail\replyTicket
[2022-08-12 01:38:47][53] Processing: App\Mail\closeTicket
[2022-08-12 01:38:47][53] Failed:     App\Mail\closeTicket
[2022-08-12 01:38:47][54] Processing: App\Mail\sendVerifyCode
[2022-08-12 01:38:48][54] Failed:     App\Mail\sendVerifyCode
[2022-08-12 01:38:48][55] Processing: App\Mail\sendVerifyCode
[2022-08-12 01:38:49][55] Failed:     App\Mail\sendVerifyCode
[2022-08-12 01:38:49][56] Processing: App\Mail\sendVerifyCode
[2022-08-12 01:38:50][56] Failed:     App\Mail\sendVerifyCode
[2022-08-12 01:38:50][57] Processing: App\Mail\sendVerifyCode
[2022-08-12 01:38:50][58] Processing: App\Mail\activeUser
[2022-08-12 01:38:51][58] Failed:     App\Mail\activeUser
[2022-08-12 01:38:51][59] Processing: App\Mail\sendVerifyCode
[2022-08-12 01:38:52][59] Failed:     App\Mail\sendVerifyCode
[2022-08-12 01:38:52][60] Processing: App\Mail\sendVerifyCode
[2022-08-12 01:38:53][60] Failed:     App\Mail\sendVerifyCode
[2022-08-12 01:44:28][61] Processing: App\Mail\sendVerifyCode
[2022-08-12 01:44:28][62] Processing: App\Mail\sendVerifyCode
[2022-08-12 01:44:29][63] Processing: App\Mail\sendVerifyCode
[2022-08-12 01:44:30][63] Failed:     App\Mail\sendVerifyCode
[2022-08-12 01:49:00][64] Processing: App\Mail\sendVerifyCode
[2022-08-12 01:49:01][65] Processing: App\Mail\sendVerifyCode
[2022-08-12 01:49:02][66] Processing: App\Mail\sendVerifyCode
[2022-08-12 01:49:03][66] Failed:     App\Mail\sendVerifyCode
[2022-08-12 01:50:08][67] Processing: App\Mail\sendVerifyCode
[2022-08-12 01:50:08][68] Processing: App\Mail\sendVerifyCode
[2022-08-12 01:50:09][69] Processing: App\Mail\sendVerifyCode
[2022-08-12 01:50:10][69] Failed:     App\Mail\sendVerifyCode
[2022-08-12 01:51:15][70] Processing: App\Mail\sendVerifyCode
[2022-08-12 01:51:16][71] Processing: App\Mail\sendVerifyCode
[2022-08-12 01:51:17][72] Processing: App\Mail\sendVerifyCode
[2022-08-12 01:51:17][72] Failed:     App\Mail\sendVerifyCode
[2022-08-12 01:56:57][73] Processing: App\Mail\sendVerifyCode
[2022-08-12 01:56:58][74] Processing: App\Mail\sendVerifyCode
[2022-08-12 01:56:59][75] Processing: App\Mail\sendVerifyCode
[2022-08-12 01:57:00][75] Failed:     App\Mail\sendVerifyCode
[2022-08-12 01:58:35][76] Processing: App\Mail\sendVerifyCode
[2022-08-12 01:58:36][77] Processing: App\Mail\sendVerifyCode
[2022-08-12 01:58:36][78] Processing: App\Mail\sendVerifyCode
[2022-08-12 01:58:37][78] Failed:     App\Mail\sendVerifyCode
[2022-08-12 02:00:37][79] Processing: App\Mail\sendVerifyCode
[2022-08-12 02:00:38][80] Processing: App\Mail\sendVerifyCode
[2022-08-12 02:00:39][81] Processing: App\Mail\sendVerifyCode
[2022-08-12 02:00:40][81] Failed:     App\Mail\sendVerifyCode
[2022-08-12 02:05:25][82] Processing: App\Mail\sendVerifyCode
[2022-08-12 02:05:25][83] Processing: App\Mail\sendVerifyCode
[2022-08-12 02:05:26][84] Processing: App\Mail\sendVerifyCode
[2022-08-12 02:05:27][84] Failed:     App\Mail\sendVerifyCode
